[0m13:55:49.229534 [debug] [MainThread]: Sending event: {'category': 'dbt', 'action': 'invocation', 'label': 'start', 'context': [<snowplow_tracker.self_describing_json.SelfDescribingJson object at 0x107440ec0>, <snowplow_tracker.self_describing_json.SelfDescribingJson object at 0x10828bb10>, <snowplow_tracker.self_describing_json.SelfDescribingJson object at 0x10828bc50>]}


============================== 13:55:49.232559 | 3c6cc3f6-8089-4087-ab4a-5190bb7c41fb ==============================
[0m13:55:49.232559 [info ] [MainThread]: Running with dbt=1.9.2
[0m13:55:49.232864 [debug] [MainThread]: running dbt with arguments {'printer_width': '80', 'indirect_selection': 'eager', 'log_cache_events': 'False', 'write_json': 'True', 'partial_parse': 'True', 'cache_selected_only': 'False', 'warn_error': 'None', 'debug': 'False', 'profiles_dir': '/Users/dyaroshenko/.dbt', 'log_path': 'logs', 'fail_fast': 'False', 'version_check': 'True', 'use_colors': 'True', 'use_experimental_parser': 'False', 'empty': 'None', 'quiet': 'False', 'no_print': 'None', 'log_format': 'default', 'static_parser': 'True', 'introspect': 'True', 'invocation_command': 'dbt init dbt_project', 'target_path': 'None', 'warn_error_options': 'WarnErrorOptions(include=[], exclude=[])', 'send_anonymous_usage_stats': 'True'}
[0m13:55:49.241994 [debug] [MainThread]: Starter project path: /Users/dyaroshenko/Documents/Sandbox/sfguide-deploying-pipelines-with-snowflake-and-dbt-labs/.venv/lib/python3.13/site-packages/dbt/include/starter_project
[0m13:55:49.252356 [info ] [MainThread]: 
Your new dbt project "dbt_project" was created!

For more information on how to configure the profiles.yml file,
please consult the dbt documentation here:

  https://docs.getdbt.com/docs/configure-your-profile

One more thing:

Need help? Don't hesitate to reach out to us via GitHub issues or on Slack:

  https://community.getdbt.com/

Happy modeling!

[0m13:55:49.252568 [info ] [MainThread]: Setting up your profile.
[0m13:58:33.911808 [info ] [MainThread]: Profile dbt_project written to /Users/dyaroshenko/.dbt/profiles.yml using target's profile_template.yml and your supplied values. Run 'dbt debug' to validate the connection.
[0m13:58:33.916623 [debug] [MainThread]: Resource report: {"command_name": "init", "command_success": true, "command_wall_clock_time": 164.73434, "process_in_blocks": "0", "process_kernel_time": 0.187211, "process_mem_max_rss": "109576192", "process_out_blocks": "0", "process_user_time": 0.645925}
[0m13:58:33.917300 [debug] [MainThread]: Command `dbt init` succeeded at 13:58:33.917130 after 164.74 seconds
[0m13:58:33.918007 [debug] [MainThread]: Sending event: {'category': 'dbt', 'action': 'invocation', 'label': 'end', 'context': [<snowplow_tracker.self_describing_json.SelfDescribingJson object at 0x108bc15b0>, <snowplow_tracker.self_describing_json.SelfDescribingJson object at 0x108bbcef0>, <snowplow_tracker.self_describing_json.SelfDescribingJson object at 0x108a56360>]}
[0m13:58:33.918452 [debug] [MainThread]: Flushing usage events
[0m13:58:35.170316 [debug] [MainThread]: An error was encountered while trying to flush usage events
[0m15:54:17.115688 [debug] [MainThread]: Sending event: {'category': 'dbt', 'action': 'invocation', 'label': 'start', 'context': [<snowplow_tracker.self_describing_json.SelfDescribingJson object at 0x105b2cec0>, <snowplow_tracker.self_describing_json.SelfDescribingJson object at 0x106d67b10>, <snowplow_tracker.self_describing_json.SelfDescribingJson object at 0x106d67c50>]}


============================== 15:54:17.118694 | 276c5431-a0b0-4d23-9f23-c1fe6a0e9f95 ==============================
[0m15:54:17.118694 [info ] [MainThread]: Running with dbt=1.9.3
[0m15:54:17.119055 [debug] [MainThread]: running dbt with arguments {'printer_width': '80', 'indirect_selection': 'eager', 'write_json': 'True', 'log_cache_events': 'False', 'partial_parse': 'True', 'cache_selected_only': 'False', 'profiles_dir': '/Users/dyaroshenko/.dbt', 'fail_fast': 'False', 'version_check': 'True', 'log_path': 'logs', 'warn_error': 'None', 'debug': 'False', 'use_colors': 'True', 'use_experimental_parser': 'False', 'empty': 'None', 'quiet': 'False', 'no_print': 'None', 'log_format': 'default', 'static_parser': 'True', 'introspect': 'True', 'warn_error_options': 'WarnErrorOptions(include=[], exclude=[])', 'target_path': 'None', 'invocation_command': 'dbt debug', 'send_anonymous_usage_stats': 'True'}
[0m15:54:17.128685 [info ] [MainThread]: dbt version: 1.9.3
[0m15:54:17.129467 [info ] [MainThread]: python version: 3.13.2
[0m15:54:17.129876 [info ] [MainThread]: python path: /Users/dyaroshenko/Documents/Sandbox/official_sfguide-deploying-pipelines-with-snowflake-and-dbt-labs/.venv/bin/python
[0m15:54:17.130051 [info ] [MainThread]: os info: macOS-15.3.1-arm64-arm-64bit-Mach-O
[0m15:54:17.888785 [info ] [MainThread]: Error importing adapter: No module named 'dbt.adapters.duckdb'
[0m15:54:17.891030 [info ] [MainThread]: Using profiles dir at /Users/dyaroshenko/.dbt
[0m15:54:17.891213 [info ] [MainThread]: Using profiles.yml file at /Users/dyaroshenko/.dbt/profiles.yml
[0m15:54:17.891346 [info ] [MainThread]: Using dbt_project.yml file at /Users/dyaroshenko/Documents/Sandbox/official_sfguide-deploying-pipelines-with-snowflake-and-dbt-labs/dbt_project.yml
[0m15:54:17.891482 [info ] [MainThread]: Configuration:
[0m15:54:17.891606 [info ] [MainThread]:   profiles.yml file [[31mERROR invalid[0m]
[0m15:54:17.891721 [info ] [MainThread]:   dbt_project.yml file [[31mERROR not found[0m]
[0m15:54:17.891839 [info ] [MainThread]: Required dependencies:
[0m15:54:17.892037 [debug] [MainThread]: Executing "git --help"
[0m15:54:17.906074 [debug] [MainThread]: STDOUT: "b"usage: git [-v | --version] [-h | --help] [-C <path>] [-c <name>=<value>]\n           [--exec-path[=<path>]] [--html-path] [--man-path] [--info-path]\n           [-p | --paginate | -P | --no-pager] [--no-replace-objects] [--no-lazy-fetch]\n           [--no-optional-locks] [--no-advice] [--bare] [--git-dir=<path>]\n           [--work-tree=<path>] [--namespace=<name>] [--config-env=<name>=<envvar>]\n           <command> [<args>]\n\nThese are common Git commands used in various situations:\n\nstart a working area (see also: git help tutorial)\n   clone     Clone a repository into a new directory\n   init      Create an empty Git repository or reinitialize an existing one\n\nwork on the current change (see also: git help everyday)\n   add       Add file contents to the index\n   mv        Move or rename a file, a directory, or a symlink\n   restore   Restore working tree files\n   rm        Remove files from the working tree and from the index\n\nexamine the history and state (see also: git help revisions)\n   bisect    Use binary search to find the commit that introduced a bug\n   diff      Show changes between commits, commit and working tree, etc\n   grep      Print lines matching a pattern\n   log       Show commit logs\n   show      Show various types of objects\n   status    Show the working tree status\n\ngrow, mark and tweak your common history\n   branch    List, create, or delete branches\n   commit    Record changes to the repository\n   merge     Join two or more development histories together\n   rebase    Reapply commits on top of another base tip\n   reset     Reset current HEAD to the specified state\n   switch    Switch branches\n   tag       Create, list, delete or verify a tag object signed with GPG\n\ncollaborate (see also: git help workflows)\n   fetch     Download objects and refs from another repository\n   pull      Fetch from and integrate with another repository or a local branch\n   push      Update remote refs along with associated objects\n\n'git help -a' and 'git help -g' list available subcommands and some\nconcept guides. See 'git help <command>' or 'git help <concept>'\nto read about a specific subcommand or concept.\nSee 'git help git' for an overview of the system.\n""
[0m15:54:17.906625 [debug] [MainThread]: STDERR: "b''"
[0m15:54:17.906818 [info ] [MainThread]:  - git [[32mOK found[0m]

[0m15:54:17.906986 [info ] [MainThread]: Connection test skipped since no profile was found
[0m15:54:17.907303 [info ] [MainThread]: [31m2 checks failed:[0m
[0m15:54:17.907487 [info ] [MainThread]: Could not load dbt_project.yml
Profile loading failed for the following reason:
Runtime Error
  Credentials in profile "myduckdbt", target "dev" invalid: Runtime Error
    Could not find adapter type duckdb!

Runtime Error
  Credentials in profile "profile-name", target "docs" invalid: 'account' is a required property


[0m15:54:17.907649 [info ] [MainThread]: Project loading failed for the following reason:
 project path </Users/dyaroshenko/Documents/Sandbox/official_sfguide-deploying-pipelines-with-snowflake-and-dbt-labs/dbt_project.yml> not found

[0m15:54:17.914392 [debug] [MainThread]: Resource report: {"command_name": "debug", "command_success": false, "command_wall_clock_time": 0.846806, "process_in_blocks": "0", "process_kernel_time": 0.181697, "process_mem_max_rss": "112410624", "process_out_blocks": "0", "process_user_time": 0.730314}
[0m15:54:17.914755 [debug] [MainThread]: Command `dbt debug` failed at 15:54:17.914688 after 0.85 seconds
[0m15:54:17.915029 [debug] [MainThread]: Sending event: {'category': 'dbt', 'action': 'invocation', 'label': 'end', 'context': [<snowplow_tracker.self_describing_json.SelfDescribingJson object at 0x110267230>, <snowplow_tracker.self_describing_json.SelfDescribingJson object at 0x1102c96d0>, <snowplow_tracker.self_describing_json.SelfDescribingJson object at 0x110219480>]}
[0m15:54:17.915276 [debug] [MainThread]: Flushing usage events
[0m15:54:18.326613 [debug] [MainThread]: An error was encountered while trying to flush usage events
